<?xml version="1.0" encoding="UTF-8"?>
<testng-results skipped="0" failed="0" ignored="0" total="1" passed="1">
  <reporter-output>
  </reporter-output>
  <suite name="Default suite" duration-ms="71474" started-at="2019-07-31T13:22:38Z" finished-at="2019-07-31T13:23:50Z">
    <groups>
    </groups>
    <test name="Default test" duration-ms="71474" started-at="2019-07-31T13:22:38Z" finished-at="2019-07-31T13:23:50Z">
      <class name="eventExtra.testCase.TC001_RegistrationTest">
        <test-method status="PASS" signature="setup()[pri:0, instance:eventExtra.testCase.TC001_RegistrationTest@4883b407]" name="setup" is-config="true" duration-ms="10552" started-at="2019-07-31T13:22:38Z" finished-at="2019-07-31T13:22:49Z">
          <reporter-output>
          </reporter-output>
        </test-method> <!-- setup -->
        <test-method status="PASS" signature="loginTest()[pri:0, instance:eventExtra.testCase.TC001_RegistrationTest@4883b407]" name="loginTest" duration-ms="60063" started-at="2019-07-31T13:22:49Z" finished-at="2019-07-31T13:23:49Z">
          <reporter-output>
          </reporter-output>
        </test-method> <!-- loginTest -->
        <test-method status="PASS" signature="tearDown()[pri:0, instance:eventExtra.testCase.TC001_RegistrationTest@4883b407]" name="tearDown" is-config="true" duration-ms="797" started-at="2019-07-31T13:23:49Z" finished-at="2019-07-31T13:23:50Z">
          <reporter-output>
          </reporter-output>
        </test-method> <!-- tearDown -->
      </class> <!-- eventExtra.testCase.TC001_RegistrationTest -->
    </test> <!-- Default test -->
  </suite> <!-- Default suite -->
</testng-results>
